0 info it worked if it ends with ok
1 verbose cli [ '/usr/bin/nodejs',
1 verbose cli   '/usr/bin/npm',
1 verbose cli   'install',
1 verbose cli   'body-parser',
1 verbose cli   '--save' ]
2 info using npm@1.3.10
3 info using node@v0.10.25
4 verbose readDependencies using package.json deps
5 verbose cache add [ 'body-parser', null ]
6 verbose cache add name=undefined spec="body-parser" args=["body-parser",null]
7 verbose parsed url { protocol: null,
7 verbose parsed url   slashes: null,
7 verbose parsed url   auth: null,
7 verbose parsed url   host: null,
7 verbose parsed url   port: null,
7 verbose parsed url   hostname: null,
7 verbose parsed url   hash: null,
7 verbose parsed url   search: null,
7 verbose parsed url   query: null,
7 verbose parsed url   pathname: 'body-parser',
7 verbose parsed url   path: 'body-parser',
7 verbose parsed url   href: 'body-parser' }
8 silly lockFile 14cf125c-body-parser body-parser
9 verbose lock body-parser /home/naveen/.npm/14cf125c-body-parser.lock
10 silly lockFile 14cf125c-body-parser body-parser
11 silly lockFile 14cf125c-body-parser body-parser
12 verbose addNamed [ 'body-parser', '' ]
13 verbose addNamed [ null, '*' ]
14 silly lockFile 9f665704-body-parser body-parser@
15 verbose lock body-parser@ /home/naveen/.npm/9f665704-body-parser.lock
16 silly addNameRange { name: 'body-parser', range: '*', hasData: false }
17 verbose url raw body-parser
18 verbose url resolving [ 'https://registry.npmjs.org/', './body-parser' ]
19 verbose url resolved https://registry.npmjs.org/body-parser
20 info trying registry request attempt 1 at 22:44:00
21 http GET https://registry.npmjs.org/body-parser
22 http 200 https://registry.npmjs.org/body-parser
23 silly registry.get cb [ 200,
23 silly registry.get   { server: 'CouchDB/1.5.0 (Erlang OTP/R16B03)',
23 silly registry.get     etag: '"7C078POWUQUINXCILLA4MXB34"',
23 silly registry.get     'content-type': 'application/json',
23 silly registry.get     'cache-control': 'max-age=300',
23 silly registry.get     'content-length': '115304',
23 silly registry.get     'accept-ranges': 'bytes',
23 silly registry.get     date: 'Sun, 14 Feb 2016 17:14:09 GMT',
23 silly registry.get     via: '1.1 varnish',
23 silly registry.get     age: '158',
23 silly registry.get     connection: 'keep-alive',
23 silly registry.get     'x-served-by': 'cache-sin6923-SIN',
23 silly registry.get     'x-cache': 'HIT',
23 silly registry.get     'x-cache-hits': '3',
23 silly registry.get     'x-timer': 'S1455470049.012603,VS0,VE0',
23 silly registry.get     vary: 'Accept' } ]
24 silly addNameRange number 2 { name: 'body-parser', range: '*', hasData: true }
25 silly addNameRange versions [ 'body-parser',
25 silly addNameRange   [ '1.0.0',
25 silly addNameRange     '1.0.1',
25 silly addNameRange     '1.0.2',
25 silly addNameRange     '1.1.0',
25 silly addNameRange     '1.1.1',
25 silly addNameRange     '1.1.2',
25 silly addNameRange     '1.2.0',
25 silly addNameRange     '1.2.1',
25 silly addNameRange     '1.2.2',
25 silly addNameRange     '1.3.0',
25 silly addNameRange     '1.3.1',
25 silly addNameRange     '1.4.0',
25 silly addNameRange     '1.4.1',
25 silly addNameRange     '1.4.2',
25 silly addNameRange     '1.4.3',
25 silly addNameRange     '1.5.0',
25 silly addNameRange     '1.5.1',
25 silly addNameRange     '1.5.2',
25 silly addNameRange     '1.6.0',
25 silly addNameRange     '1.6.1',
25 silly addNameRange     '1.6.2',
25 silly addNameRange     '1.6.3',
25 silly addNameRange     '1.6.4',
25 silly addNameRange     '1.6.5',
25 silly addNameRange     '1.6.6',
25 silly addNameRange     '1.6.7',
25 silly addNameRange     '1.7.0',
25 silly addNameRange     '1.8.0',
25 silly addNameRange     '1.8.1',
25 silly addNameRange     '1.8.2',
25 silly addNameRange     '1.8.3',
25 silly addNameRange     '1.8.4',
25 silly addNameRange     '1.9.0',
25 silly addNameRange     '1.9.1',
25 silly addNameRange     '1.9.2',
25 silly addNameRange     '1.9.3',
25 silly addNameRange     '1.10.0',
25 silly addNameRange     '1.10.1',
25 silly addNameRange     '1.10.2',
25 silly addNameRange     '1.11.0',
25 silly addNameRange     '1.12.0',
25 silly addNameRange     '1.12.1',
25 silly addNameRange     '1.12.2',
25 silly addNameRange     '1.12.3',
25 silly addNameRange     '1.12.4',
25 silly addNameRange     '1.13.0',
25 silly addNameRange     '1.13.1',
25 silly addNameRange     '1.13.2',
25 silly addNameRange     '1.13.3',
25 silly addNameRange     '1.14.0',
25 silly addNameRange     '1.14.1',
25 silly addNameRange     '1.14.2',
25 silly addNameRange     '1.15.0' ] ]
26 verbose addNamed [ 'body-parser', '1.15.0' ]
27 verbose addNamed [ '1.15.0', '1.15.0' ]
28 silly lockFile 0f65416a-body-parser-1-15-0 body-parser@1.15.0
29 verbose lock body-parser@1.15.0 /home/naveen/.npm/0f65416a-body-parser-1-15-0.lock
30 silly lockFile b3801006-dy-parser-body-parser-1-15-0-tgz https://registry.npmjs.org/body-parser/-/body-parser-1.15.0.tgz
31 verbose lock https://registry.npmjs.org/body-parser/-/body-parser-1.15.0.tgz /home/naveen/.npm/b3801006-dy-parser-body-parser-1-15-0-tgz.lock
32 verbose addRemoteTarball [ 'https://registry.npmjs.org/body-parser/-/body-parser-1.15.0.tgz',
32 verbose addRemoteTarball   '8168abaeaf9e77e300f7b3aef4df4b46e9b21b35' ]
33 info retry fetch attempt 1 at 22:44:09
34 verbose fetch to= /home/naveen/tmp/npm-8157-GJgd8Mfp/1455470049540-0.7248113807290792/tmp.tgz
35 http GET https://registry.npmjs.org/body-parser/-/body-parser-1.15.0.tgz
36 http 200 https://registry.npmjs.org/body-parser/-/body-parser-1.15.0.tgz
37 verbose tar unpack /home/naveen/tmp/npm-8157-GJgd8Mfp/1455470049540-0.7248113807290792/tmp.tgz
38 silly lockFile 1f6a78ae-49540-0-7248113807290792-package tar:///home/naveen/tmp/npm-8157-GJgd8Mfp/1455470049540-0.7248113807290792/package
39 verbose lock tar:///home/naveen/tmp/npm-8157-GJgd8Mfp/1455470049540-0.7248113807290792/package /home/naveen/.npm/1f6a78ae-49540-0-7248113807290792-package.lock
40 silly lockFile 0477af8f-49540-0-7248113807290792-tmp-tgz tar:///home/naveen/tmp/npm-8157-GJgd8Mfp/1455470049540-0.7248113807290792/tmp.tgz
41 verbose lock tar:///home/naveen/tmp/npm-8157-GJgd8Mfp/1455470049540-0.7248113807290792/tmp.tgz /home/naveen/.npm/0477af8f-49540-0-7248113807290792-tmp-tgz.lock
42 silly gunzTarPerm modes [ '755', '644' ]
43 silly gunzTarPerm extractEntry package.json
44 silly gunzTarPerm modified mode [ 'package.json', 438, 420 ]
45 silly gunzTarPerm extractEntry README.md
46 silly gunzTarPerm modified mode [ 'README.md', 438, 420 ]
47 silly gunzTarPerm extractEntry LICENSE
48 silly gunzTarPerm modified mode [ 'LICENSE', 438, 420 ]
49 silly gunzTarPerm extractEntry index.js
50 silly gunzTarPerm modified mode [ 'index.js', 438, 420 ]
51 silly gunzTarPerm extractEntry HISTORY.md
52 silly gunzTarPerm modified mode [ 'HISTORY.md', 438, 420 ]
53 silly gunzTarPerm extractEntry lib/read.js
54 silly gunzTarPerm modified mode [ 'lib/read.js', 438, 420 ]
55 silly gunzTarPerm extractEntry lib/types/json.js
56 silly gunzTarPerm modified mode [ 'lib/types/json.js', 438, 420 ]
57 silly gunzTarPerm extractEntry lib/types/raw.js
58 silly gunzTarPerm modified mode [ 'lib/types/raw.js', 438, 420 ]
59 silly gunzTarPerm extractEntry lib/types/text.js
60 silly gunzTarPerm modified mode [ 'lib/types/text.js', 438, 420 ]
61 silly gunzTarPerm extractEntry lib/types/urlencoded.js
62 silly gunzTarPerm modified mode [ 'lib/types/urlencoded.js', 438, 420 ]
63 silly lockFile 1f6a78ae-49540-0-7248113807290792-package tar:///home/naveen/tmp/npm-8157-GJgd8Mfp/1455470049540-0.7248113807290792/package
64 silly lockFile 1f6a78ae-49540-0-7248113807290792-package tar:///home/naveen/tmp/npm-8157-GJgd8Mfp/1455470049540-0.7248113807290792/package
65 silly lockFile 0477af8f-49540-0-7248113807290792-tmp-tgz tar:///home/naveen/tmp/npm-8157-GJgd8Mfp/1455470049540-0.7248113807290792/tmp.tgz
66 silly lockFile 0477af8f-49540-0-7248113807290792-tmp-tgz tar:///home/naveen/tmp/npm-8157-GJgd8Mfp/1455470049540-0.7248113807290792/tmp.tgz
67 verbose tar pack [ '/home/naveen/.npm/body-parser/1.15.0/package.tgz',
67 verbose tar pack   '/home/naveen/tmp/npm-8157-GJgd8Mfp/1455470049540-0.7248113807290792/package' ]
68 verbose tarball /home/naveen/.npm/body-parser/1.15.0/package.tgz
69 verbose folder /home/naveen/tmp/npm-8157-GJgd8Mfp/1455470049540-0.7248113807290792/package
70 silly lockFile 1f6a78ae-49540-0-7248113807290792-package tar:///home/naveen/tmp/npm-8157-GJgd8Mfp/1455470049540-0.7248113807290792/package
71 verbose lock tar:///home/naveen/tmp/npm-8157-GJgd8Mfp/1455470049540-0.7248113807290792/package /home/naveen/.npm/1f6a78ae-49540-0-7248113807290792-package.lock
72 silly lockFile 27132ed3-m-body-parser-1-15-0-package-tgz tar:///home/naveen/.npm/body-parser/1.15.0/package.tgz
73 verbose lock tar:///home/naveen/.npm/body-parser/1.15.0/package.tgz /home/naveen/.npm/27132ed3-m-body-parser-1-15-0-package-tgz.lock
74 silly lockFile 1f6a78ae-49540-0-7248113807290792-package tar:///home/naveen/tmp/npm-8157-GJgd8Mfp/1455470049540-0.7248113807290792/package
75 silly lockFile 1f6a78ae-49540-0-7248113807290792-package tar:///home/naveen/tmp/npm-8157-GJgd8Mfp/1455470049540-0.7248113807290792/package
76 silly lockFile 27132ed3-m-body-parser-1-15-0-package-tgz tar:///home/naveen/.npm/body-parser/1.15.0/package.tgz
77 silly lockFile 27132ed3-m-body-parser-1-15-0-package-tgz tar:///home/naveen/.npm/body-parser/1.15.0/package.tgz
78 silly lockFile 5b87919f-n-npm-body-parser-1-15-0-package /home/naveen/.npm/body-parser/1.15.0/package
79 verbose lock /home/naveen/.npm/body-parser/1.15.0/package /home/naveen/.npm/5b87919f-n-npm-body-parser-1-15-0-package.lock
80 silly lockFile 5b87919f-n-npm-body-parser-1-15-0-package /home/naveen/.npm/body-parser/1.15.0/package
81 silly lockFile 5b87919f-n-npm-body-parser-1-15-0-package /home/naveen/.npm/body-parser/1.15.0/package
82 verbose tar unpack /home/naveen/.npm/body-parser/1.15.0/package.tgz
83 silly lockFile bcd85f3c-n-npm-body-parser-1-15-0-package tar:///home/naveen/.npm/body-parser/1.15.0/package
84 verbose lock tar:///home/naveen/.npm/body-parser/1.15.0/package /home/naveen/.npm/bcd85f3c-n-npm-body-parser-1-15-0-package.lock
85 silly lockFile 27132ed3-m-body-parser-1-15-0-package-tgz tar:///home/naveen/.npm/body-parser/1.15.0/package.tgz
86 verbose lock tar:///home/naveen/.npm/body-parser/1.15.0/package.tgz /home/naveen/.npm/27132ed3-m-body-parser-1-15-0-package-tgz.lock
87 silly gunzTarPerm modes [ '755', '644' ]
88 silly gunzTarPerm extractEntry package.json
89 silly gunzTarPerm extractEntry README.md
90 silly gunzTarPerm extractEntry LICENSE
91 silly gunzTarPerm extractEntry index.js
92 silly gunzTarPerm extractEntry HISTORY.md
93 silly gunzTarPerm extractEntry lib/read.js
94 silly gunzTarPerm extractEntry lib/types/json.js
95 silly gunzTarPerm extractEntry lib/types/raw.js
96 silly gunzTarPerm extractEntry lib/types/text.js
97 silly gunzTarPerm extractEntry lib/types/urlencoded.js
98 silly lockFile bcd85f3c-n-npm-body-parser-1-15-0-package tar:///home/naveen/.npm/body-parser/1.15.0/package
99 silly lockFile bcd85f3c-n-npm-body-parser-1-15-0-package tar:///home/naveen/.npm/body-parser/1.15.0/package
100 silly lockFile 27132ed3-m-body-parser-1-15-0-package-tgz tar:///home/naveen/.npm/body-parser/1.15.0/package.tgz
101 silly lockFile 27132ed3-m-body-parser-1-15-0-package-tgz tar:///home/naveen/.npm/body-parser/1.15.0/package.tgz
102 verbose chmod /home/naveen/.npm/body-parser/1.15.0/package.tgz 644
103 verbose chown /home/naveen/.npm/body-parser/1.15.0/package.tgz [ 1000, 1000 ]
104 silly lockFile b3801006-dy-parser-body-parser-1-15-0-tgz https://registry.npmjs.org/body-parser/-/body-parser-1.15.0.tgz
105 silly lockFile b3801006-dy-parser-body-parser-1-15-0-tgz https://registry.npmjs.org/body-parser/-/body-parser-1.15.0.tgz
106 silly lockFile 0f65416a-body-parser-1-15-0 body-parser@1.15.0
107 silly lockFile 0f65416a-body-parser-1-15-0 body-parser@1.15.0
108 silly lockFile 9f665704-body-parser body-parser@
109 silly lockFile 9f665704-body-parser body-parser@
110 silly resolved [ { name: 'body-parser',
110 silly resolved     description: 'Node.js body parsing middleware',
110 silly resolved     version: '1.15.0',
110 silly resolved     contributors: [ [Object], [Object] ],
110 silly resolved     license: 'MIT',
110 silly resolved     repository: { type: 'git', url: 'git://github.com/expressjs/body-parser' },
110 silly resolved     dependencies:
110 silly resolved      { bytes: '2.2.0',
110 silly resolved        'content-type': '~1.0.1',
110 silly resolved        debug: '~2.2.0',
110 silly resolved        depd: '~1.1.0',
110 silly resolved        'http-errors': '~1.4.0',
110 silly resolved        'iconv-lite': '0.4.13',
110 silly resolved        'on-finished': '~2.3.0',
110 silly resolved        qs: '6.1.0',
110 silly resolved        'raw-body': '~2.1.5',
110 silly resolved        'type-is': '~1.6.11' },
110 silly resolved     devDependencies:
110 silly resolved      { istanbul: '0.4.2',
110 silly resolved        methods: '1.1.2',
110 silly resolved        mocha: '2.4.5',
110 silly resolved        supertest: '1.1.0' },
110 silly resolved     files: [ 'lib/', 'LICENSE', 'HISTORY.md', 'index.js' ],
110 silly resolved     engines: { node: '>= 0.8' },
110 silly resolved     scripts:
110 silly resolved      { test: 'mocha --require test/support/env --reporter spec --check-leaks --bail test/',
110 silly resolved        'test-cov': 'istanbul cover node_modules/mocha/bin/_mocha -- --require test/support/env --reporter dot --check-leaks test/',
110 silly resolved        'test-travis': 'istanbul cover node_modules/mocha/bin/_mocha --report lcovonly -- --require test/support/env --reporter spec --check-leaks test/' },
110 silly resolved     readme: '# body-parser\n\n[![NPM Version][npm-image]][npm-url]\n[![NPM Downloads][downloads-image]][downloads-url]\n[![Build Status][travis-image]][travis-url]\n[![Test Coverage][coveralls-image]][coveralls-url]\n[![Gratipay][gratipay-image]][gratipay-url]\n\nNode.js body parsing middleware.\n\n_This does not handle multipart bodies_, due to their complex and typically\nlarge nature. For multipart bodies, you may be interested in the following\nmodules:\n\n  * [busboy](https://www.npmjs.org/package/busboy#readme) and\n    [connect-busboy](https://www.npmjs.org/package/connect-busboy#readme)\n  * [multiparty](https://www.npmjs.org/package/multiparty#readme) and\n    [connect-multiparty](https://www.npmjs.org/package/connect-multiparty#readme)\n  * [formidable](https://www.npmjs.org/package/formidable#readme)\n  * [multer](https://www.npmjs.org/package/multer#readme)\n\nThis module provides the following parsers:\n\n  * [JSON body parser](#bodyparserjsonoptions)\n  * [Raw body parser](#bodyparserrawoptions)\n  * [Text body parser](#bodyparsertextoptions)\n  * [URL-encoded form body parser](#bodyparserurlencodedoptions)\n\nOther body parsers you might be interested in:\n\n- [body](https://www.npmjs.org/package/body#readme)\n- [co-body](https://www.npmjs.org/package/co-body#readme)\n\n## Installation\n\n```sh\n$ npm install body-parser\n```\n\n## API\n\n```js\nvar bodyParser = require(\'body-parser\')\n```\n\nThe `bodyParser` object exposes various factories to create middlewares. All\nmiddlewares will populate the `req.body` property with the parsed body, or an\nempty object (`{}`) if there was no body to parse (or an error was returned).\n\nThe various errors returned by this module are described in the\n[errors section](#errors).\n\n### bodyParser.json(options)\n\nReturns middleware that only parses `json`. This parser accepts any Unicode\nencoding of the body and supports automatic inflation of `gzip` and `deflate`\nencodings.\n\nA new `body` object containing the parsed data is populated on the `request`\nobject after the middleware (i.e. `req.body`).\n\n#### Options\n\nThe `json` function takes an option `options` object that may contain any of\nthe following keys:\n\n##### inflate\n\nWhen set to `true`, then deflated (compressed) bodies will be inflated; when\n`false`, deflated bodies are rejected. Defaults to `true`.\n\n##### limit\n\nControls the maximum request body size. If this is a number, then the value\nspecifies the number of bytes; if it is a string, the value is passed to the\n[bytes](https://www.npmjs.com/package/bytes) library for parsing. Defaults\nto `\'100kb\'`.\n\n##### reviver\n\nThe `reviver` option is passed directly to `JSON.parse` as the second\nargument. You can find more information on this argument\n[in the MDN documentation about JSON.parse](https://developer.mozilla.org/en-US/docs/Web/JavaScript/Reference/Global_Objects/JSON/parse#Example.3A_Using_the_reviver_parameter).\n\n##### strict\n\nWhen set to `true`, will only accept arrays and objects; when `false` will\naccept anything `JSON.parse` accepts. Defaults to `true`.\n\n##### type\n\nThe `type` option is used to determine what media type the middleware will\nparse. This option can be a function or a string. If a string, `type` option\nis passed directly to the [type-is](https://www.npmjs.org/package/type-is#readme)\nlibrary and this can be an extension name (like `json`), a mime type (like\n`application/json`), or a mime type with a wildcard (like `*/*` or `*/json`).\nIf a function, the `type` option is called as `fn(req)` and the request is\nparsed if it returns a truthy value. Defaults to `application/json`.\n\n##### verify\n\nThe `verify` option, if supplied, is called as `verify(req, res, buf, encoding)`,\nwhere `buf` is a `Buffer` of the raw request body and `encoding` is the\nencoding of the request. The parsing can be aborted by throwing an error.\n\n### bodyParser.raw(options)\n\nReturns middleware that parses all bodies as a `Buffer`. This parser\nsupports automatic inflation of `gzip` and `deflate` encodings.\n\nA new `body` object containing the parsed data is populated on the `request`\nobject after the middleware (i.e. `req.body`). This will be a `Buffer` object\nof the body.\n\n#### Options\n\nThe `raw` function takes an option `options` object that may contain any of\nthe following keys:\n\n##### inflate\n\nWhen set to `true`, then deflated (compressed) bodies will be inflated; when\n`false`, deflated bodies are rejected. Defaults to `true`.\n\n##### limit\n\nControls the maximum request body size. If this is a number, then the value\nspecifies the number of bytes; if it is a string, the value is passed to the\n[bytes](https://www.npmjs.com/package/bytes) library for parsing. Defaults\nto `\'100kb\'`.\n\n##### type\n\nThe `type` option is used to determine what media type the middleware will\nparse. This option can be a function or a string. If a string, `type` option\nis passed directly to the [type-is](https://www.npmjs.org/package/type-is#readme)\nlibrary and this can be an extension name (like `bin`), a mime type (like\n`application/octet-stream`), or a mime type with a wildcard (like `*/*` or\n`application/*`). If a function, the `type` option is called as `fn(req)`\nand the request is parsed if it returns a truthy value. Defaults to\n`application/octet-stream`.\n\n##### verify\n\nThe `verify` option, if supplied, is called as `verify(req, res, buf, encoding)`,\nwhere `buf` is a `Buffer` of the raw request body and `encoding` is the\nencoding of the request. The parsing can be aborted by throwing an error.\n\n### bodyParser.text(options)\n\nReturns middleware that parses all bodies as a string. This parser supports\nautomatic inflation of `gzip` and `deflate` encodings.\n\nA new `body` string containing the parsed data is populated on the `request`\nobject after the middleware (i.e. `req.body`). This will be a string of the\nbody.\n\n#### Options\n\nThe `text` function takes an option `options` object that may contain any of\nthe following keys:\n\n##### defaultCharset\n\nSpecify the default character set for the text content if the charset is not\nspecified in the `Content-Type` header of the request. Defaults to `utf-8`.\n\n##### inflate\n\nWhen set to `true`, then deflated (compressed) bodies will be inflated; when\n`false`, deflated bodies are rejected. Defaults to `true`.\n\n##### limit\n\nControls the maximum request body size. If this is a number, then the value\nspecifies the number of bytes; if it is a string, the value is passed to the\n[bytes](https://www.npmjs.com/package/bytes) library for parsing. Defaults\nto `\'100kb\'`.\n\n##### type\n\nThe `type` option is used to determine what media type the middleware will\nparse. This option can be a function or a string. If a string, `type` option\nis passed directly to the [type-is](https://www.npmjs.org/package/type-is#readme)\nlibrary and this can be an extension name (like `txt`), a mime type (like\n`text/plain`), or a mime type with a wildcard (like `*/*` or `text/*`).\nIf a function, the `type` option is called as `fn(req)` and the request is\nparsed if it returns a truthy value. Defaults to `text/plain`.\n\n##### verify\n\nThe `verify` option, if supplied, is called as `verify(req, res, buf, encoding)`,\nwhere `buf` is a `Buffer` of the raw request body and `encoding` is the\nencoding of the request. The parsing can be aborted by throwing an error.\n\n### bodyParser.urlencoded(options)\n\nReturns middleware that only parses `urlencoded` bodies. This parser accepts\nonly UTF-8 encoding of the body and supports automatic inflation of `gzip`\nand `deflate` encodings.\n\nA new `body` object containing the parsed data is populated on the `request`\nobject after the middleware (i.e. `req.body`). This object will contain\nkey-value pairs, where the value can be a string or array (when `extended` is\n`false`), or any type (when `extended` is `true`).\n\n#### Options\n\nThe `urlencoded` function takes an option `options` object that may contain\nany of the following keys:\n\n##### extended\n\nThe `extended` option allows to choose between parsing the URL-encoded data\nwith the `querystring` library (when `false`) or the `qs` library (when\n`true`). The "extended" syntax allows for rich objects and arrays to be\nencoded into the URL-encoded format, allowing for a JSON-like experience\nwith URL-encoded. For more information, please\n[see the qs library](https://www.npmjs.org/package/qs#readme).\n\nDefaults to `true`, but using the default has been deprecated. Please\nresearch into the difference between `qs` and `querystring` and choose the\nappropriate setting.\n\n##### inflate\n\nWhen set to `true`, then deflated (compressed) bodies will be inflated; when\n`false`, deflated bodies are rejected. Defaults to `true`.\n\n##### limit\n\nControls the maximum request body size. If this is a number, then the value\nspecifies the number of bytes; if it is a string, the value is passed to the\n[bytes](https://www.npmjs.com/package/bytes) library for parsing. Defaults\nto `\'100kb\'`.\n\n##### parameterLimit\n\nThe `parameterLimit` option controls the maximum number of parameters that\nare allowed in the URL-encoded data. If a request contains more parameters\nthan this value, a 413 will be returned to the client. Defaults to `1000`.\n\n##### type\n\nThe `type` option is used to determine what media type the middleware will\nparse. This option can be a function or a string. If a string, `type` option\nis passed directly to the [type-is](https://www.npmjs.org/package/type-is#readme)\nlibrary and this can be an extension name (like `urlencoded`), a mime type (like\n`application/x-www-form-urlencoded`), or a mime type with a wildcard (like\n`*/x-www-form-urlencoded`). If a function, the `type` option is called as\n`fn(req)` and the request is parsed if it returns a truthy value. Defaults\nto `application/x-www-form-urlencoded`.\n\n##### verify\n\nThe `verify` option, if supplied, is called as `verify(req, res, buf, encoding)`,\nwhere `buf` is a `Buffer` of the raw request body and `encoding` is the\nencoding of the request. The parsing can be aborted by throwing an error.\n\n## Errors\n\nThe middlewares provided by this module create errors depending on the error\ncondition during parsing. The errors will typically have a `status` property\nthat contains the suggested HTTP response code and a `body` property containing\nthe read body, if available.\n\nThe following are the common errors emitted, though any error can come through\nfor various reasons.\n\n### content encoding unsupported\n\nThis error will occur when the request had a `Content-Encoding` header that\ncontained an encoding but the "inflation" option was set to `false`. The\n`status` property is set to `415`.\n\n### request aborted\n\nThis error will occur when the request is aborted by the client before reading\nthe body has finished. The `received` property will be set to the number of\nbytes received before the request was aborted and the `expected` property is\nset to the number of expected bytes. The `status` property is set to `400`.\n\n### request entity too large\n\nThis error will occur when the request body\'s size is larger than the "limit"\noption. The `limit` property will be set to the byte limit and the `length`\nproperty will be set to the request body\'s length. The `status` property is\nset to `413`.\n\n### request size did not match content length\n\nThis error will occur when the request\'s length did not match the length from\nthe `Content-Length` header. This typically occurs when the request is malformed,\ntypically when the `Content-Length` header was calculated based on characters\ninstead of bytes. The `status` property is set to `400`.\n\n### stream encoding should not be set\n\nThis error will occur when something called the `req.setEncoding` method prior\nto this middleware. This module operates directly on bytes only and you cannot\ncall `req.setEncoding` when using this module. The `status` property is set to\n`500`.\n\n### unsupported charset "BOGUS"\n\nThis error will occur when the request had a charset parameter in the\n`Content-Type` header, but the `iconv-lite` module does not support it OR the\nparser does not support it. The charset is contained in the message as well\nas in the `charset` property. The `status` property is set to `415`.\n\n### unsupported content encoding "bogus"\n\nThis error will occur when the request had a `Content-Encoding` header that\ncontained an unsupported encoding. The encoding is contained in the message\nas well as in the `encoding` property. The `status` property is set to `415`.\n\n## Examples\n\n### express/connect top-level generic\n\nThis example demonstrates adding a generic JSON and URL-encoded parser as a\ntop-level middleware, which will parse the bodies of all incoming requests.\nThis is the simplest setup.\n\n```js\nvar express = require(\'express\')\nvar bodyParser = require(\'body-parser\')\n\nvar app = express()\n\n// parse application/x-www-form-urlencoded\napp.use(bodyParser.urlencoded({ extended: false }))\n\n// parse application/json\napp.use(bodyParser.json())\n\napp.use(function (req, res) {\n  res.setHeader(\'Content-Type\', \'text/plain\')\n  res.write(\'you posted:\\n\')\n  res.end(JSON.stringify(req.body, null, 2))\n})\n```\n\n### express route-specific\n\nThis example demonstrates adding body parsers specifically to the routes that\nneed them. In general, this is the most recommend way to use body-parser with\nexpress.\n\n```js\nvar express = require(\'express\')\nvar bodyParser = require(\'body-parser\')\n\nvar app = express()\n\n// create application/json parser\nvar jsonParser = bodyParser.json()\n\n// create application/x-www-form-urlencoded parser\nvar urlencodedParser = bodyParser.urlencoded({ extended: false })\n\n// POST /login gets urlencoded bodies\napp.post(\'/login\', urlencodedParser, function (req, res) {\n  if (!req.body) return res.sendStatus(400)\n  res.send(\'welcome, \' + req.body.username)\n})\n\n// POST /api/users gets JSON bodies\napp.post(\'/api/users\', jsonParser, function (req, res) {\n  if (!req.body) return res.sendStatus(400)\n  // create user in req.body\n})\n```\n\n### change content-type for parsers\n\nAll the parsers accept a `type` option which allows you to change the\n`Content-Type` that the middleware will parse.\n\n```js\n// parse various different custom JSON types as JSON\napp.use(bodyParser.json({ type: \'application/*+json\' }))\n\n// parse some custom thing into a Buffer\napp.use(bodyParser.raw({ type: \'application/vnd.custom-type\' }))\n\n// parse an HTML body into a string\napp.use(bodyParser.text({ type: \'text/html\' }))\n```\n\n## License\n\n[MIT](LICENSE)\n\n[npm-image]: https://img.shields.io/npm/v/body-parser.svg\n[npm-url]: https://npmjs.org/package/body-parser\n[travis-image]: https://img.shields.io/travis/expressjs/body-parser/master.svg\n[travis-url]: https://travis-ci.org/expressjs/body-parser\n[coveralls-image]: https://img.shields.io/coveralls/expressjs/body-parser/master.svg\n[coveralls-url]: https://coveralls.io/r/expressjs/body-parser?branch=master\n[downloads-image]: https://img.shields.io/npm/dm/body-parser.svg\n[downloads-url]: https://npmjs.org/package/body-parser\n[gratipay-image]: https://img.shields.io/gratipay/dougwilson.svg\n[gratipay-url]: https://www.gratipay.com/dougwilson/\n',
110 silly resolved     readmeFilename: 'README.md',
110 silly resolved     bugs: { url: 'https://github.com/expressjs/body-parser/issues' },
110 silly resolved     _id: 'body-parser@1.15.0',
110 silly resolved     dist: { shasum: 'e8ebaaf8eba7bd99425ba5f77053aaf030eaa1b9' },
110 silly resolved     _from: 'body-parser@',
110 silly resolved     _resolved: 'https://registry.npmjs.org/body-parser/-/body-parser-1.15.0.tgz' } ]
111 info install body-parser@1.15.0 into /home/naveen/heroku/node-js-getting-started
112 info installOne body-parser@1.15.0
113 info /home/naveen/heroku/node-js-getting-started/node_modules/body-parser unbuild
114 verbose tar unpack /home/naveen/.npm/body-parser/1.15.0/package.tgz
115 silly lockFile 0ca0880e-started-node-modules-body-parser tar:///home/naveen/heroku/node-js-getting-started/node_modules/body-parser
116 verbose lock tar:///home/naveen/heroku/node-js-getting-started/node_modules/body-parser /home/naveen/.npm/0ca0880e-started-node-modules-body-parser.lock
117 silly lockFile 27132ed3-m-body-parser-1-15-0-package-tgz tar:///home/naveen/.npm/body-parser/1.15.0/package.tgz
118 verbose lock tar:///home/naveen/.npm/body-parser/1.15.0/package.tgz /home/naveen/.npm/27132ed3-m-body-parser-1-15-0-package-tgz.lock
119 silly gunzTarPerm modes [ '755', '644' ]
120 silly gunzTarPerm extractEntry package.json
121 silly gunzTarPerm extractEntry README.md
122 silly gunzTarPerm extractEntry LICENSE
123 silly gunzTarPerm extractEntry index.js
124 silly gunzTarPerm extractEntry HISTORY.md
125 silly gunzTarPerm extractEntry lib/read.js
126 silly gunzTarPerm extractEntry lib/types/json.js
127 silly gunzTarPerm extractEntry lib/types/raw.js
128 silly gunzTarPerm extractEntry lib/types/text.js
129 silly gunzTarPerm extractEntry lib/types/urlencoded.js
130 silly lockFile 0ca0880e-started-node-modules-body-parser tar:///home/naveen/heroku/node-js-getting-started/node_modules/body-parser
131 silly lockFile 0ca0880e-started-node-modules-body-parser tar:///home/naveen/heroku/node-js-getting-started/node_modules/body-parser
132 silly lockFile 27132ed3-m-body-parser-1-15-0-package-tgz tar:///home/naveen/.npm/body-parser/1.15.0/package.tgz
133 silly lockFile 27132ed3-m-body-parser-1-15-0-package-tgz tar:///home/naveen/.npm/body-parser/1.15.0/package.tgz
134 info preinstall body-parser@1.15.0
135 verbose readDependencies using package.json deps
136 verbose readDependencies using package.json deps
137 verbose cache add [ 'bytes@2.2.0', null ]
138 verbose cache add name=undefined spec="bytes@2.2.0" args=["bytes@2.2.0",null]
139 verbose parsed url { protocol: null,
139 verbose parsed url   slashes: null,
139 verbose parsed url   auth: null,
139 verbose parsed url   host: null,
139 verbose parsed url   port: null,
139 verbose parsed url   hostname: null,
139 verbose parsed url   hash: null,
139 verbose parsed url   search: null,
139 verbose parsed url   query: null,
139 verbose parsed url   pathname: 'bytes@2.2.0',
139 verbose parsed url   path: 'bytes@2.2.0',
139 verbose parsed url   href: 'bytes@2.2.0' }
140 verbose cache add name="bytes" spec="2.2.0" args=["bytes","2.2.0"]
141 verbose parsed url { protocol: null,
141 verbose parsed url   slashes: null,
141 verbose parsed url   auth: null,
141 verbose parsed url   host: null,
141 verbose parsed url   port: null,
141 verbose parsed url   hostname: null,
141 verbose parsed url   hash: null,
141 verbose parsed url   search: null,
141 verbose parsed url   query: null,
141 verbose parsed url   pathname: '2.2.0',
141 verbose parsed url   path: '2.2.0',
141 verbose parsed url   href: '2.2.0' }
142 verbose addNamed [ 'bytes', '2.2.0' ]
143 verbose addNamed [ '2.2.0', '2.2.0' ]
144 silly lockFile f4bb5b5a-bytes-2-2-0 bytes@2.2.0
145 verbose lock bytes@2.2.0 /home/naveen/.npm/f4bb5b5a-bytes-2-2-0.lock
146 verbose cache add [ 'content-type@~1.0.1', null ]
147 verbose cache add name=undefined spec="content-type@~1.0.1" args=["content-type@~1.0.1",null]
148 verbose parsed url { protocol: null,
148 verbose parsed url   slashes: null,
148 verbose parsed url   auth: null,
148 verbose parsed url   host: null,
148 verbose parsed url   port: null,
148 verbose parsed url   hostname: null,
148 verbose parsed url   hash: null,
148 verbose parsed url   search: null,
148 verbose parsed url   query: null,
148 verbose parsed url   pathname: 'content-type@~1.0.1',
148 verbose parsed url   path: 'content-type@~1.0.1',
148 verbose parsed url   href: 'content-type@~1.0.1' }
149 verbose cache add name="content-type" spec="~1.0.1" args=["content-type","~1.0.1"]
150 verbose parsed url { protocol: null,
150 verbose parsed url   slashes: null,
150 verbose parsed url   auth: null,
150 verbose parsed url   host: null,
150 verbose parsed url   port: null,
150 verbose parsed url   hostname: null,
150 verbose parsed url   hash: null,
150 verbose parsed url   search: null,
150 verbose parsed url   query: null,
150 verbose parsed url   pathname: '~1.0.1',
150 verbose parsed url   path: '~1.0.1',
150 verbose parsed url   href: '~1.0.1' }
151 verbose addNamed [ 'content-type', '~1.0.1' ]
152 verbose addNamed [ null, '>=1.0.1-0 <1.1.0-0' ]
153 silly lockFile cc42bda4-content-type-1-0-1 content-type@~1.0.1
154 verbose lock content-type@~1.0.1 /home/naveen/.npm/cc42bda4-content-type-1-0-1.lock
155 verbose cache add [ 'depd@~1.1.0', null ]
156 verbose cache add name=undefined spec="depd@~1.1.0" args=["depd@~1.1.0",null]
157 verbose parsed url { protocol: null,
157 verbose parsed url   slashes: null,
157 verbose parsed url   auth: null,
157 verbose parsed url   host: null,
157 verbose parsed url   port: null,
157 verbose parsed url   hostname: null,
157 verbose parsed url   hash: null,
157 verbose parsed url   search: null,
157 verbose parsed url   query: null,
157 verbose parsed url   pathname: 'depd@~1.1.0',
157 verbose parsed url   path: 'depd@~1.1.0',
157 verbose parsed url   href: 'depd@~1.1.0' }
158 verbose cache add name="depd" spec="~1.1.0" args=["depd","~1.1.0"]
159 verbose parsed url { protocol: null,
159 verbose parsed url   slashes: null,
159 verbose parsed url   auth: null,
159 verbose parsed url   host: null,
159 verbose parsed url   port: null,
159 verbose parsed url   hostname: null,
159 verbose parsed url   hash: null,
159 verbose parsed url   search: null,
159 verbose parsed url   query: null,
159 verbose parsed url   pathname: '~1.1.0',
159 verbose parsed url   path: '~1.1.0',
159 verbose parsed url   href: '~1.1.0' }
160 verbose addNamed [ 'depd', '~1.1.0' ]
161 verbose addNamed [ null, '>=1.1.0-0 <1.2.0-0' ]
162 silly lockFile 99a45627-depd-1-1-0 depd@~1.1.0
163 verbose lock depd@~1.1.0 /home/naveen/.npm/99a45627-depd-1-1-0.lock
164 verbose cache add [ 'debug@~2.2.0', null ]
165 verbose cache add name=undefined spec="debug@~2.2.0" args=["debug@~2.2.0",null]
166 verbose parsed url { protocol: null,
166 verbose parsed url   slashes: null,
166 verbose parsed url   auth: null,
166 verbose parsed url   host: null,
166 verbose parsed url   port: null,
166 verbose parsed url   hostname: null,
166 verbose parsed url   hash: null,
166 verbose parsed url   search: null,
166 verbose parsed url   query: null,
166 verbose parsed url   pathname: 'debug@~2.2.0',
166 verbose parsed url   path: 'debug@~2.2.0',
166 verbose parsed url   href: 'debug@~2.2.0' }
167 verbose cache add name="debug" spec="~2.2.0" args=["debug","~2.2.0"]
168 verbose parsed url { protocol: null,
168 verbose parsed url   slashes: null,
168 verbose parsed url   auth: null,
168 verbose parsed url   host: null,
168 verbose parsed url   port: null,
168 verbose parsed url   hostname: null,
168 verbose parsed url   hash: null,
168 verbose parsed url   search: null,
168 verbose parsed url   query: null,
168 verbose parsed url   pathname: '~2.2.0',
168 verbose parsed url   path: '~2.2.0',
168 verbose parsed url   href: '~2.2.0' }
169 verbose addNamed [ 'debug', '~2.2.0' ]
170 verbose addNamed [ null, '>=2.2.0-0 <2.3.0-0' ]
171 silly lockFile 7986b842-debug-2-2-0 debug@~2.2.0
172 verbose lock debug@~2.2.0 /home/naveen/.npm/7986b842-debug-2-2-0.lock
173 verbose cache add [ 'http-errors@~1.4.0', null ]
174 verbose cache add name=undefined spec="http-errors@~1.4.0" args=["http-errors@~1.4.0",null]
175 verbose parsed url { protocol: null,
175 verbose parsed url   slashes: null,
175 verbose parsed url   auth: null,
175 verbose parsed url   host: null,
175 verbose parsed url   port: null,
175 verbose parsed url   hostname: null,
175 verbose parsed url   hash: null,
175 verbose parsed url   search: null,
175 verbose parsed url   query: null,
175 verbose parsed url   pathname: 'http-errors@~1.4.0',
175 verbose parsed url   path: 'http-errors@~1.4.0',
175 verbose parsed url   href: 'http-errors@~1.4.0' }
176 verbose cache add name="http-errors" spec="~1.4.0" args=["http-errors","~1.4.0"]
177 verbose parsed url { protocol: null,
177 verbose parsed url   slashes: null,
177 verbose parsed url   auth: null,
177 verbose parsed url   host: null,
177 verbose parsed url   port: null,
177 verbose parsed url   hostname: null,
177 verbose parsed url   hash: null,
177 verbose parsed url   search: null,
177 verbose parsed url   query: null,
177 verbose parsed url   pathname: '~1.4.0',
177 verbose parsed url   path: '~1.4.0',
177 verbose parsed url   href: '~1.4.0' }
178 verbose addNamed [ 'http-errors', '~1.4.0' ]
179 verbose addNamed [ null, '>=1.4.0-0 <1.5.0-0' ]
180 silly lockFile fac31a50-http-errors-1-4-0 http-errors@~1.4.0
181 verbose lock http-errors@~1.4.0 /home/naveen/.npm/fac31a50-http-errors-1-4-0.lock
182 verbose cache add [ 'iconv-lite@0.4.13', null ]
183 verbose cache add name=undefined spec="iconv-lite@0.4.13" args=["iconv-lite@0.4.13",null]
184 verbose parsed url { protocol: null,
184 verbose parsed url   slashes: null,
184 verbose parsed url   auth: null,
184 verbose parsed url   host: null,
184 verbose parsed url   port: null,
184 verbose parsed url   hostname: null,
184 verbose parsed url   hash: null,
184 verbose parsed url   search: null,
184 verbose parsed url   query: null,
184 verbose parsed url   pathname: 'iconv-lite@0.4.13',
184 verbose parsed url   path: 'iconv-lite@0.4.13',
184 verbose parsed url   href: 'iconv-lite@0.4.13' }
185 verbose cache add name="iconv-lite" spec="0.4.13" args=["iconv-lite","0.4.13"]
186 verbose parsed url { protocol: null,
186 verbose parsed url   slashes: null,
186 verbose parsed url   auth: null,
186 verbose parsed url   host: null,
186 verbose parsed url   port: null,
186 verbose parsed url   hostname: null,
186 verbose parsed url   hash: null,
186 verbose parsed url   search: null,
186 verbose parsed url   query: null,
186 verbose parsed url   pathname: '0.4.13',
186 verbose parsed url   path: '0.4.13',
186 verbose parsed url   href: '0.4.13' }
187 verbose addNamed [ 'iconv-lite', '0.4.13' ]
188 verbose addNamed [ '0.4.13', '0.4.13' ]
189 silly lockFile 7105c99b-iconv-lite-0-4-13 iconv-lite@0.4.13
190 verbose lock iconv-lite@0.4.13 /home/naveen/.npm/7105c99b-iconv-lite-0-4-13.lock
191 verbose cache add [ 'on-finished@~2.3.0', null ]
192 verbose cache add name=undefined spec="on-finished@~2.3.0" args=["on-finished@~2.3.0",null]
193 verbose parsed url { protocol: null,
193 verbose parsed url   slashes: null,
193 verbose parsed url   auth: null,
193 verbose parsed url   host: null,
193 verbose parsed url   port: null,
193 verbose parsed url   hostname: null,
193 verbose parsed url   hash: null,
193 verbose parsed url   search: null,
193 verbose parsed url   query: null,
193 verbose parsed url   pathname: 'on-finished@~2.3.0',
193 verbose parsed url   path: 'on-finished@~2.3.0',
193 verbose parsed url   href: 'on-finished@~2.3.0' }
194 verbose cache add name="on-finished" spec="~2.3.0" args=["on-finished","~2.3.0"]
195 verbose parsed url { protocol: null,
195 verbose parsed url   slashes: null,
195 verbose parsed url   auth: null,
195 verbose parsed url   host: null,
195 verbose parsed url   port: null,
195 verbose parsed url   hostname: null,
195 verbose parsed url   hash: null,
195 verbose parsed url   search: null,
195 verbose parsed url   query: null,
195 verbose parsed url   pathname: '~2.3.0',
195 verbose parsed url   path: '~2.3.0',
195 verbose parsed url   href: '~2.3.0' }
196 verbose addNamed [ 'on-finished', '~2.3.0' ]
197 verbose addNamed [ null, '>=2.3.0-0 <2.4.0-0' ]
198 silly lockFile 5dda6b83-on-finished-2-3-0 on-finished@~2.3.0
199 verbose lock on-finished@~2.3.0 /home/naveen/.npm/5dda6b83-on-finished-2-3-0.lock
200 verbose cache add [ 'qs@6.1.0', null ]
201 verbose cache add name=undefined spec="qs@6.1.0" args=["qs@6.1.0",null]
202 verbose parsed url { protocol: null,
202 verbose parsed url   slashes: null,
202 verbose parsed url   auth: null,
202 verbose parsed url   host: null,
202 verbose parsed url   port: null,
202 verbose parsed url   hostname: null,
202 verbose parsed url   hash: null,
202 verbose parsed url   search: null,
202 verbose parsed url   query: null,
202 verbose parsed url   pathname: 'qs@6.1.0',
202 verbose parsed url   path: 'qs@6.1.0',
202 verbose parsed url   href: 'qs@6.1.0' }
203 verbose cache add name="qs" spec="6.1.0" args=["qs","6.1.0"]
204 verbose parsed url { protocol: null,
204 verbose parsed url   slashes: null,
204 verbose parsed url   auth: null,
204 verbose parsed url   host: null,
204 verbose parsed url   port: null,
204 verbose parsed url   hostname: null,
204 verbose parsed url   hash: null,
204 verbose parsed url   search: null,
204 verbose parsed url   query: null,
204 verbose parsed url   pathname: '6.1.0',
204 verbose parsed url   path: '6.1.0',
204 verbose parsed url   href: '6.1.0' }
205 verbose addNamed [ 'qs', '6.1.0' ]
206 verbose addNamed [ '6.1.0', '6.1.0' ]
207 silly lockFile 7a644489-qs-6-1-0 qs@6.1.0
208 verbose lock qs@6.1.0 /home/naveen/.npm/7a644489-qs-6-1-0.lock
209 verbose cache add [ 'raw-body@~2.1.5', null ]
210 verbose cache add name=undefined spec="raw-body@~2.1.5" args=["raw-body@~2.1.5",null]
211 verbose parsed url { protocol: null,
211 verbose parsed url   slashes: null,
211 verbose parsed url   auth: null,
211 verbose parsed url   host: null,
211 verbose parsed url   port: null,
211 verbose parsed url   hostname: null,
211 verbose parsed url   hash: null,
211 verbose parsed url   search: null,
211 verbose parsed url   query: null,
211 verbose parsed url   pathname: 'raw-body@~2.1.5',
211 verbose parsed url   path: 'raw-body@~2.1.5',
211 verbose parsed url   href: 'raw-body@~2.1.5' }
212 verbose cache add name="raw-body" spec="~2.1.5" args=["raw-body","~2.1.5"]
213 verbose parsed url { protocol: null,
213 verbose parsed url   slashes: null,
213 verbose parsed url   auth: null,
213 verbose parsed url   host: null,
213 verbose parsed url   port: null,
213 verbose parsed url   hostname: null,
213 verbose parsed url   hash: null,
213 verbose parsed url   search: null,
213 verbose parsed url   query: null,
213 verbose parsed url   pathname: '~2.1.5',
213 verbose parsed url   path: '~2.1.5',
213 verbose parsed url   href: '~2.1.5' }
214 verbose addNamed [ 'raw-body', '~2.1.5' ]
215 verbose addNamed [ null, '>=2.1.5-0 <2.2.0-0' ]
216 silly lockFile 09119c26-raw-body-2-1-5 raw-body@~2.1.5
217 verbose lock raw-body@~2.1.5 /home/naveen/.npm/09119c26-raw-body-2-1-5.lock
218 silly addNameRange { name: 'content-type',
218 silly addNameRange   range: '>=1.0.1-0 <1.1.0-0',
218 silly addNameRange   hasData: false }
219 verbose url raw bytes/2.2.0
220 verbose url resolving [ 'https://registry.npmjs.org/', './bytes/2.2.0' ]
221 verbose url resolved https://registry.npmjs.org/bytes/2.2.0
222 info trying registry request attempt 1 at 22:44:31
223 http GET https://registry.npmjs.org/bytes/2.2.0
224 silly addNameRange { name: 'depd', range: '>=1.1.0-0 <1.2.0-0', hasData: false }
225 silly addNameRange { name: 'debug', range: '>=2.2.0-0 <2.3.0-0', hasData: false }
226 verbose cache add [ 'type-is@~1.6.11', null ]
227 verbose cache add name=undefined spec="type-is@~1.6.11" args=["type-is@~1.6.11",null]
228 verbose parsed url { protocol: null,
228 verbose parsed url   slashes: null,
228 verbose parsed url   auth: null,
228 verbose parsed url   host: null,
228 verbose parsed url   port: null,
228 verbose parsed url   hostname: null,
228 verbose parsed url   hash: null,
228 verbose parsed url   search: null,
228 verbose parsed url   query: null,
228 verbose parsed url   pathname: 'type-is@~1.6.11',
228 verbose parsed url   path: 'type-is@~1.6.11',
228 verbose parsed url   href: 'type-is@~1.6.11' }
229 verbose cache add name="type-is" spec="~1.6.11" args=["type-is","~1.6.11"]
230 verbose parsed url { protocol: null,
230 verbose parsed url   slashes: null,
230 verbose parsed url   auth: null,
230 verbose parsed url   host: null,
230 verbose parsed url   port: null,
230 verbose parsed url   hostname: null,
230 verbose parsed url   hash: null,
230 verbose parsed url   search: null,
230 verbose parsed url   query: null,
230 verbose parsed url   pathname: '~1.6.11',
230 verbose parsed url   path: '~1.6.11',
230 verbose parsed url   href: '~1.6.11' }
231 verbose addNamed [ 'type-is', '~1.6.11' ]
232 verbose addNamed [ null, '>=1.6.11-0 <1.7.0-0' ]
233 silly lockFile 5fbe6959-type-is-1-6-11 type-is@~1.6.11
234 verbose lock type-is@~1.6.11 /home/naveen/.npm/5fbe6959-type-is-1-6-11.lock
235 silly addNameRange { name: 'http-errors',
235 silly addNameRange   range: '>=1.4.0-0 <1.5.0-0',
235 silly addNameRange   hasData: false }
236 silly addNameRange { name: 'on-finished',
236 silly addNameRange   range: '>=2.3.0-0 <2.4.0-0',
236 silly addNameRange   hasData: false }
237 silly addNameRange { name: 'raw-body', range: '>=2.1.5-0 <2.2.0-0', hasData: false }
238 verbose url raw iconv-lite/0.4.13
239 verbose url resolving [ 'https://registry.npmjs.org/', './iconv-lite/0.4.13' ]
240 verbose url resolved https://registry.npmjs.org/iconv-lite/0.4.13
241 info trying registry request attempt 1 at 22:44:31
242 http GET https://registry.npmjs.org/iconv-lite/0.4.13
243 verbose url raw raw-body
244 verbose url resolving [ 'https://registry.npmjs.org/', './raw-body' ]
245 verbose url resolved https://registry.npmjs.org/raw-body
246 info trying registry request attempt 1 at 22:44:31
247 http GET https://registry.npmjs.org/raw-body
248 silly addNameRange { name: 'type-is', range: '>=1.6.11-0 <1.7.0-0', hasData: false }
249 verbose url raw qs/6.1.0
250 verbose url resolving [ 'https://registry.npmjs.org/', './qs/6.1.0' ]
251 verbose url resolved https://registry.npmjs.org/qs/6.1.0
252 info trying registry request attempt 1 at 22:44:31
253 http GET https://registry.npmjs.org/qs/6.1.0
254 verbose url raw depd
255 verbose url resolving [ 'https://registry.npmjs.org/', './depd' ]
256 verbose url resolved https://registry.npmjs.org/depd
257 info trying registry request attempt 1 at 22:44:31
258 verbose etag "D51XQ8IB2NO2EXAU1UFAY1A1L"
259 http GET https://registry.npmjs.org/depd
260 verbose url raw http-errors
261 verbose url resolving [ 'https://registry.npmjs.org/', './http-errors' ]
262 verbose url resolved https://registry.npmjs.org/http-errors
263 info trying registry request attempt 1 at 22:44:31
264 verbose etag "634Y56TZCOOH3MCVN035HTW6Q"
265 http GET https://registry.npmjs.org/http-errors
266 verbose url raw content-type
267 verbose url resolving [ 'https://registry.npmjs.org/', './content-type' ]
268 verbose url resolved https://registry.npmjs.org/content-type
269 info trying registry request attempt 1 at 22:44:31
270 verbose etag "A61HQDKGOUEM3F9DCWTGYV4NW"
271 http GET https://registry.npmjs.org/content-type
272 verbose url raw debug
273 verbose url resolving [ 'https://registry.npmjs.org/', './debug' ]
274 verbose url resolved https://registry.npmjs.org/debug
275 info trying registry request attempt 1 at 22:44:31
276 verbose etag "8ANO9SMQXOMG21345804T3L91"
277 http GET https://registry.npmjs.org/debug
278 verbose url raw on-finished
279 verbose url resolving [ 'https://registry.npmjs.org/', './on-finished' ]
280 verbose url resolved https://registry.npmjs.org/on-finished
281 info trying registry request attempt 1 at 22:44:31
282 verbose etag "BP0HDN9YFW3ONQVPMB1NRETTG"
283 http GET https://registry.npmjs.org/on-finished
284 verbose url raw type-is
285 verbose url resolving [ 'https://registry.npmjs.org/', './type-is' ]
286 verbose url resolved https://registry.npmjs.org/type-is
287 info trying registry request attempt 1 at 22:44:31
288 verbose etag "D9H9OE42PJ0TFUQ3J7PFAXTQQ"
289 http GET https://registry.npmjs.org/type-is
290 info retry will retry, error on last attempt: Error: read ECONNRESET
291 info retry will retry, error on last attempt: Error: read ECONNRESET
292 info retry will retry, error on last attempt: Error: read ECONNRESET
293 info retry will retry, error on last attempt: Error: read ECONNRESET
294 info trying registry request attempt 2 at 22:44:56
295 http GET https://registry.npmjs.org/raw-body
296 info trying registry request attempt 2 at 22:44:56
297 http GET https://registry.npmjs.org/iconv-lite/0.4.13
298 info trying registry request attempt 2 at 22:44:56
299 http GET https://registry.npmjs.org/qs/6.1.0
300 info trying registry request attempt 2 at 22:44:56
301 verbose etag "D51XQ8IB2NO2EXAU1UFAY1A1L"
302 http GET https://registry.npmjs.org/depd
303 http 200 https://registry.npmjs.org/debug
304 silly registry.get cb [ 200,
304 silly registry.get   { server: 'CouchDB/1.5.0 (Erlang OTP/R16B03)',
304 silly registry.get     etag: '"AM8L0V4HEQJ9ZJIOLDEGO4MK2"',
304 silly registry.get     'content-type': 'application/json',
304 silly registry.get     'cache-control': 'max-age=300',
304 silly registry.get     'content-length': '36677',
304 silly registry.get     'accept-ranges': 'bytes',
304 silly registry.get     date: 'Sun, 14 Feb 2016 17:14:59 GMT',
304 silly registry.get     via: '1.1 varnish',
304 silly registry.get     age: '245',
304 silly registry.get     connection: 'keep-alive',
304 silly registry.get     'x-served-by': 'cache-sin6922-SIN',
304 silly registry.get     'x-cache': 'HIT',
304 silly registry.get     'x-cache-hits': '10',
304 silly registry.get     'x-timer': 'S1455470099.416574,VS0,VE0',
304 silly registry.get     vary: 'Accept' } ]
305 silly addNameRange number 2 { name: 'debug', range: '>=2.2.0-0 <2.3.0-0', hasData: true }
306 silly addNameRange versions [ 'debug',
306 silly addNameRange   [ '0.0.1',
306 silly addNameRange     '0.1.0',
306 silly addNameRange     '0.2.0',
306 silly addNameRange     '0.3.0',
306 silly addNameRange     '0.4.0',
306 silly addNameRange     '0.4.1',
306 silly addNameRange     '0.5.0',
306 silly addNameRange     '0.6.0',
306 silly addNameRange     '0.7.0',
306 silly addNameRange     '0.7.1',
306 silly addNameRange     '0.7.2',
306 silly addNameRange     '0.7.3',
306 silly addNameRange     '0.7.4',
306 silly addNameRange     '0.8.0',
306 silly addNameRange     '0.8.1',
306 silly addNameRange     '1.0.0',
306 silly addNameRange     '1.0.1',
306 silly addNameRange     '1.0.2',
306 silly addNameRange     '1.0.3',
306 silly addNameRange     '1.0.4',
306 silly addNameRange     '2.0.0',
306 silly addNameRange     '2.1.0',
306 silly addNameRange     '2.1.1',
306 silly addNameRange     '2.1.2',
306 silly addNameRange     '2.1.3',
306 silly addNameRange     '2.2.0' ] ]
307 verbose addNamed [ 'debug', '2.2.0' ]
308 verbose addNamed [ '2.2.0', '2.2.0' ]
309 silly lockFile 82f99b48-debug-2-2-0 debug@2.2.0
310 verbose lock debug@2.2.0 /home/naveen/.npm/82f99b48-debug-2-2-0.lock
311 silly lockFile 82f99b48-debug-2-2-0 debug@2.2.0
312 silly lockFile 82f99b48-debug-2-2-0 debug@2.2.0
313 silly lockFile 7986b842-debug-2-2-0 debug@~2.2.0
314 silly lockFile 7986b842-debug-2-2-0 debug@~2.2.0
315 http 200 https://registry.npmjs.org/type-is
316 silly registry.get cb [ 200,
316 silly registry.get   { server: 'CouchDB/1.5.0 (Erlang OTP/R16B03)',
316 silly registry.get     etag: '"ETHL5X9GPU8FAK8HUP5YBA1KL"',
316 silly registry.get     'content-type': 'application/json',
316 silly registry.get     'cache-control': 'max-age=300',
316 silly registry.get     'content-length': '52982',
316 silly registry.get     'accept-ranges': 'bytes',
316 silly registry.get     date: 'Sun, 14 Feb 2016 17:15:01 GMT',
316 silly registry.get     via: '1.1 varnish',
316 silly registry.get     age: '247',
316 silly registry.get     connection: 'keep-alive',
316 silly registry.get     'x-served-by': 'cache-sin6922-SIN',
316 silly registry.get     'x-cache': 'HIT',
316 silly registry.get     'x-cache-hits': '4',
316 silly registry.get     'x-timer': 'S1455470101.415503,VS0,VE0',
316 silly registry.get     vary: 'Accept' } ]
317 silly addNameRange number 2 { name: 'type-is', range: '>=1.6.11-0 <1.7.0-0', hasData: true }
318 silly addNameRange versions [ 'type-is',
318 silly addNameRange   [ '1.0.0',
318 silly addNameRange     '1.0.1',
318 silly addNameRange     '1.1.0',
318 silly addNameRange     '1.2.0',
318 silly addNameRange     '1.2.1',
318 silly addNameRange     '1.2.2',
318 silly addNameRange     '1.3.0',
318 silly addNameRange     '1.3.1',
318 silly addNameRange     '1.3.2',
318 silly addNameRange     '1.4.0',
318 silly addNameRange     '1.5.0',
318 silly addNameRange     '1.5.1',
318 silly addNameRange     '1.5.2',
318 silly addNameRange     '1.5.3',
318 silly addNameRange     '1.5.4',
318 silly addNameRange     '1.5.5',
318 silly addNameRange     '1.5.6',
318 silly addNameRange     '1.5.7',
318 silly addNameRange     '1.6.0',
318 silly addNameRange     '1.6.1',
318 silly addNameRange     '1.6.2',
318 silly addNameRange     '1.6.3',
318 silly addNameRange     '1.6.4',
318 silly addNameRange     '1.6.5',
318 silly addNameRange     '1.6.6',
318 silly addNameRange     '1.6.7',
318 silly addNameRange     '1.6.8',
318 silly addNameRange     '1.6.9',
318 silly addNameRange     '1.6.10',
318 silly addNameRange     '1.6.11' ] ]
319 verbose addNamed [ 'type-is', '1.6.11' ]
320 verbose addNamed [ '1.6.11', '1.6.11' ]
321 silly lockFile 08ede7cb-type-is-1-6-11 type-is@1.6.11
322 verbose lock type-is@1.6.11 /home/naveen/.npm/08ede7cb-type-is-1-6-11.lock
323 silly lockFile b1550fb9-s-org-type-is-type-is-1-6-11-tgz https://registry.npmjs.org/type-is/-/type-is-1.6.11.tgz
324 verbose lock https://registry.npmjs.org/type-is/-/type-is-1.6.11.tgz /home/naveen/.npm/b1550fb9-s-org-type-is-type-is-1-6-11-tgz.lock
325 verbose addRemoteTarball [ 'https://registry.npmjs.org/type-is/-/type-is-1.6.11.tgz',
325 verbose addRemoteTarball   '42ecde7970f2363738b986c0351efba5aa531648' ]
326 info retry fetch attempt 1 at 22:45:00
327 verbose fetch to= /home/naveen/tmp/npm-8157-GJgd8Mfp/1455470100930-0.3890644602943212/tmp.tgz
328 http GET https://registry.npmjs.org/type-is/-/type-is-1.6.11.tgz
329 info retry will retry, error on last attempt: Error: read ECONNRESET
330 info retry will retry, error on last attempt: Error: read ECONNRESET
331 http 200 https://registry.npmjs.org/qs/6.1.0
332 silly registry.get cb [ 200,
332 silly registry.get   { server: 'CouchDB/1.5.0 (Erlang OTP/R16B03)',
332 silly registry.get     etag: '"9PNJBP6RQO0SI3QWMCMUZENB3"',
332 silly registry.get     'content-type': 'application/json',
332 silly registry.get     'cache-control': 'max-age=300',
332 silly registry.get     'content-length': '1661',
332 silly registry.get     'accept-ranges': 'bytes',
332 silly registry.get     date: 'Sun, 14 Feb 2016 17:15:05 GMT',
332 silly registry.get     via: '1.1 varnish',
332 silly registry.get     age: '137',
332 silly registry.get     connection: 'keep-alive',
332 silly registry.get     'x-served-by': 'cache-sin6922-SIN',
332 silly registry.get     'x-cache': 'HIT',
332 silly registry.get     'x-cache-hits': '1',
332 silly registry.get     'x-timer': 'S1455470105.348293,VS0,VE0',
332 silly registry.get     vary: 'Accept' } ]
333 silly lockFile 1dfb5b1a-gistry-npmjs-org-qs-qs-6-1-0-tgz https://registry.npmjs.org/qs/-/qs-6.1.0.tgz
334 verbose lock https://registry.npmjs.org/qs/-/qs-6.1.0.tgz /home/naveen/.npm/1dfb5b1a-gistry-npmjs-org-qs-qs-6-1-0-tgz.lock
335 verbose addRemoteTarball [ 'https://registry.npmjs.org/qs/-/qs-6.1.0.tgz',
335 verbose addRemoteTarball   'ec1d1626b24278d99f0fdf4549e524e24eceeb26' ]
336 info retry fetch attempt 1 at 22:45:02
337 verbose fetch to= /home/naveen/tmp/npm-8157-GJgd8Mfp/1455470102843-0.6183029585517943/tmp.tgz
338 http GET https://registry.npmjs.org/qs/-/qs-6.1.0.tgz
339 http 200 https://registry.npmjs.org/depd
340 silly registry.get cb [ 200,
340 silly registry.get   { server: 'CouchDB/1.5.0 (Erlang OTP/R16B03)',
340 silly registry.get     etag: '"9RIZB1EIDIJG4QPF8LH6MJOZ"',
340 silly registry.get     'content-type': 'application/json',
340 silly registry.get     'cache-control': 'max-age=300',
340 silly registry.get     'content-length': '28742',
340 silly registry.get     'accept-ranges': 'bytes',
340 silly registry.get     date: 'Sun, 14 Feb 2016 17:15:05 GMT',
340 silly registry.get     via: '1.1 varnish',
340 silly registry.get     age: '0',
340 silly registry.get     connection: 'keep-alive',
340 silly registry.get     'x-served-by': 'cache-sin6922-SIN',
340 silly registry.get     'x-cache': 'HIT',
340 silly registry.get     'x-cache-hits': '1',
340 silly registry.get     'x-timer': 'S1455470105.405116,VS0,VE244',
340 silly registry.get     vary: 'Accept' } ]
341 silly addNameRange number 2 { name: 'depd', range: '>=1.1.0-0 <1.2.0-0', hasData: true }
342 silly addNameRange versions [ 'depd',
342 silly addNameRange   [ '0.0.0',
342 silly addNameRange     '0.0.1',
342 silly addNameRange     '0.1.0',
342 silly addNameRange     '0.2.0',
342 silly addNameRange     '0.3.0',
342 silly addNameRange     '0.4.0',
342 silly addNameRange     '0.4.1',
342 silly addNameRange     '0.4.2',
342 silly addNameRange     '0.4.3',
342 silly addNameRange     '0.4.4',
342 silly addNameRange     '0.4.5',
342 silly addNameRange     '1.0.0',
342 silly addNameRange     '1.0.1',
342 silly addNameRange     '1.1.0' ] ]
343 verbose addNamed [ 'depd', '1.1.0' ]
344 verbose addNamed [ '1.1.0', '1.1.0' ]
345 silly lockFile 530cd37a-depd-1-1-0 depd@1.1.0
346 verbose lock depd@1.1.0 /home/naveen/.npm/530cd37a-depd-1-1-0.lock
347 silly lockFile 530cd37a-depd-1-1-0 depd@1.1.0
348 silly lockFile 530cd37a-depd-1-1-0 depd@1.1.0
349 silly lockFile 99a45627-depd-1-1-0 depd@~1.1.0
350 silly lockFile 99a45627-depd-1-1-0 depd@~1.1.0
351 info trying registry request attempt 2 at 22:45:11
352 verbose etag "A61HQDKGOUEM3F9DCWTGYV4NW"
353 http GET https://registry.npmjs.org/content-type
354 info trying registry request attempt 2 at 22:45:11
355 verbose etag "BP0HDN9YFW3ONQVPMB1NRETTG"
356 http GET https://registry.npmjs.org/on-finished
357 error fetch failed https://registry.npmjs.org/type-is/-/type-is-1.6.11.tgz
358 info retry will retry, error on last attempt: Error: socket hang up
359 info retry will retry, error on last attempt: Error: read ECONNRESET
360 info retry fetch attempt 2 at 22:45:26
361 verbose fetch to= /home/naveen/tmp/npm-8157-GJgd8Mfp/1455470100930-0.3890644602943212/tmp.tgz
362 http GET https://registry.npmjs.org/type-is/-/type-is-1.6.11.tgz
363 info retry will retry, error on last attempt: Error: read ECONNRESET
364 info retry will retry, error on last attempt: Error: read ECONNRESET
365 http 200 https://registry.npmjs.org/http-errors
366 silly registry.get cb [ 200,
366 silly registry.get   { server: 'CouchDB/1.5.0 (Erlang OTP/R16B03)',
366 silly registry.get     etag: '"CGS2MA42SNXG8F9YYDR3BHRZS"',
366 silly registry.get     'content-type': 'application/json',
366 silly registry.get     'cache-control': 'max-age=300',
366 silly registry.get     'content-length': '25101',
366 silly registry.get     'accept-ranges': 'bytes',
366 silly registry.get     date: 'Sun, 14 Feb 2016 17:15:37 GMT',
366 silly registry.get     via: '1.1 varnish',
366 silly registry.get     age: '83',
366 silly registry.get     connection: 'keep-alive',
366 silly registry.get     'x-served-by': 'cache-sin6924-SIN',
366 silly registry.get     'x-cache': 'HIT',
366 silly registry.get     'x-cache-hits': '2',
366 silly registry.get     'x-timer': 'S1455470137.631287,VS0,VE0',
366 silly registry.get     vary: 'Accept' } ]
367 silly addNameRange number 2 { name: 'http-errors',
367 silly addNameRange   range: '>=1.4.0-0 <1.5.0-0',
367 silly addNameRange   hasData: true }
368 silly addNameRange versions [ 'http-errors',
368 silly addNameRange   [ '0.0.1',
368 silly addNameRange     '1.0.0',
368 silly addNameRange     '1.0.1',
368 silly addNameRange     '1.1.0',
368 silly addNameRange     '1.2.0',
368 silly addNameRange     '1.2.1',
368 silly addNameRange     '1.2.2',
368 silly addNameRange     '1.2.3',
368 silly addNameRange     '1.2.4',
368 silly addNameRange     '1.2.5',
368 silly addNameRange     '1.2.6',
368 silly addNameRange     '1.2.7',
368 silly addNameRange     '1.2.8',
368 silly addNameRange     '1.3.0',
368 silly addNameRange     '1.3.1',
368 silly addNameRange     '1.4.0' ] ]
369 verbose addNamed [ 'http-errors', '1.4.0' ]
370 verbose addNamed [ '1.4.0', '1.4.0' ]
371 silly lockFile b7a1ac1d-http-errors-1-4-0 http-errors@1.4.0
372 verbose lock http-errors@1.4.0 /home/naveen/.npm/b7a1ac1d-http-errors-1-4-0.lock
373 silly lockFile a24c7327-ttp-errors-http-errors-1-4-0-tgz https://registry.npmjs.org/http-errors/-/http-errors-1.4.0.tgz
374 verbose lock https://registry.npmjs.org/http-errors/-/http-errors-1.4.0.tgz /home/naveen/.npm/a24c7327-ttp-errors-http-errors-1-4-0-tgz.lock
375 verbose addRemoteTarball [ 'https://registry.npmjs.org/http-errors/-/http-errors-1.4.0.tgz',
375 verbose addRemoteTarball   '6c0242dea6b3df7afda153c71089b31c6e82aabf' ]
376 info retry fetch attempt 1 at 22:45:35
377 verbose fetch to= /home/naveen/tmp/npm-8157-GJgd8Mfp/1455470135200-0.4812844784464687/tmp.tgz
378 http GET https://registry.npmjs.org/http-errors/-/http-errors-1.4.0.tgz
379 error fetch failed https://registry.npmjs.org/type-is/-/type-is-1.6.11.tgz
380 info retry will retry, error on last attempt: Error: read ECONNRESET
381 error fetch failed https://registry.npmjs.org/http-errors/-/http-errors-1.4.0.tgz
382 info retry will retry, error on last attempt: Error: socket hang up
383 info retry fetch attempt 2 at 22:46:00
384 verbose fetch to= /home/naveen/tmp/npm-8157-GJgd8Mfp/1455470135200-0.4812844784464687/tmp.tgz
385 http GET https://registry.npmjs.org/http-errors/-/http-errors-1.4.0.tgz
386 info retry will retry, error on last attempt: Error: socket hang up
387 http 200 https://registry.npmjs.org/http-errors/-/http-errors-1.4.0.tgz
388 verbose tar unpack /home/naveen/tmp/npm-8157-GJgd8Mfp/1455470135200-0.4812844784464687/tmp.tgz
389 silly lockFile cb637179-35200-0-4812844784464687-package tar:///home/naveen/tmp/npm-8157-GJgd8Mfp/1455470135200-0.4812844784464687/package
390 verbose lock tar:///home/naveen/tmp/npm-8157-GJgd8Mfp/1455470135200-0.4812844784464687/package /home/naveen/.npm/cb637179-35200-0-4812844784464687-package.lock
391 silly lockFile c29e7698-35200-0-4812844784464687-tmp-tgz tar:///home/naveen/tmp/npm-8157-GJgd8Mfp/1455470135200-0.4812844784464687/tmp.tgz
392 verbose lock tar:///home/naveen/tmp/npm-8157-GJgd8Mfp/1455470135200-0.4812844784464687/tmp.tgz /home/naveen/.npm/c29e7698-35200-0-4812844784464687-tmp-tgz.lock
393 silly gunzTarPerm modes [ '755', '644' ]
394 silly gunzTarPerm extractEntry package.json
395 silly gunzTarPerm modified mode [ 'package.json', 438, 420 ]
396 silly gunzTarPerm extractEntry README.md
397 silly gunzTarPerm modified mode [ 'README.md', 438, 420 ]
398 silly gunzTarPerm extractEntry LICENSE
399 silly gunzTarPerm modified mode [ 'LICENSE', 438, 420 ]
400 silly gunzTarPerm extractEntry index.js
401 silly gunzTarPerm modified mode [ 'index.js', 438, 420 ]
402 silly gunzTarPerm extractEntry HISTORY.md
403 silly gunzTarPerm modified mode [ 'HISTORY.md', 438, 420 ]
404 silly lockFile cb637179-35200-0-4812844784464687-package tar:///home/naveen/tmp/npm-8157-GJgd8Mfp/1455470135200-0.4812844784464687/package
405 silly lockFile cb637179-35200-0-4812844784464687-package tar:///home/naveen/tmp/npm-8157-GJgd8Mfp/1455470135200-0.4812844784464687/package
406 silly lockFile c29e7698-35200-0-4812844784464687-tmp-tgz tar:///home/naveen/tmp/npm-8157-GJgd8Mfp/1455470135200-0.4812844784464687/tmp.tgz
407 silly lockFile c29e7698-35200-0-4812844784464687-tmp-tgz tar:///home/naveen/tmp/npm-8157-GJgd8Mfp/1455470135200-0.4812844784464687/tmp.tgz
408 verbose tar pack [ '/home/naveen/.npm/http-errors/1.4.0/package.tgz',
408 verbose tar pack   '/home/naveen/tmp/npm-8157-GJgd8Mfp/1455470135200-0.4812844784464687/package' ]
409 verbose tarball /home/naveen/.npm/http-errors/1.4.0/package.tgz
410 verbose folder /home/naveen/tmp/npm-8157-GJgd8Mfp/1455470135200-0.4812844784464687/package
411 silly lockFile cb637179-35200-0-4812844784464687-package tar:///home/naveen/tmp/npm-8157-GJgd8Mfp/1455470135200-0.4812844784464687/package
412 verbose lock tar:///home/naveen/tmp/npm-8157-GJgd8Mfp/1455470135200-0.4812844784464687/package /home/naveen/.npm/cb637179-35200-0-4812844784464687-package.lock
413 silly lockFile 8cefb473-pm-http-errors-1-4-0-package-tgz tar:///home/naveen/.npm/http-errors/1.4.0/package.tgz
414 verbose lock tar:///home/naveen/.npm/http-errors/1.4.0/package.tgz /home/naveen/.npm/8cefb473-pm-http-errors-1-4-0-package-tgz.lock
415 silly lockFile cb637179-35200-0-4812844784464687-package tar:///home/naveen/tmp/npm-8157-GJgd8Mfp/1455470135200-0.4812844784464687/package
416 silly lockFile cb637179-35200-0-4812844784464687-package tar:///home/naveen/tmp/npm-8157-GJgd8Mfp/1455470135200-0.4812844784464687/package
417 silly lockFile 8cefb473-pm-http-errors-1-4-0-package-tgz tar:///home/naveen/.npm/http-errors/1.4.0/package.tgz
418 silly lockFile 8cefb473-pm-http-errors-1-4-0-package-tgz tar:///home/naveen/.npm/http-errors/1.4.0/package.tgz
419 silly lockFile d303b878-en-npm-http-errors-1-4-0-package /home/naveen/.npm/http-errors/1.4.0/package
420 verbose lock /home/naveen/.npm/http-errors/1.4.0/package /home/naveen/.npm/d303b878-en-npm-http-errors-1-4-0-package.lock
421 silly lockFile d303b878-en-npm-http-errors-1-4-0-package /home/naveen/.npm/http-errors/1.4.0/package
422 silly lockFile d303b878-en-npm-http-errors-1-4-0-package /home/naveen/.npm/http-errors/1.4.0/package
423 verbose tar unpack /home/naveen/.npm/http-errors/1.4.0/package.tgz
424 silly lockFile a83cd47b-en-npm-http-errors-1-4-0-package tar:///home/naveen/.npm/http-errors/1.4.0/package
425 verbose lock tar:///home/naveen/.npm/http-errors/1.4.0/package /home/naveen/.npm/a83cd47b-en-npm-http-errors-1-4-0-package.lock
426 silly lockFile 8cefb473-pm-http-errors-1-4-0-package-tgz tar:///home/naveen/.npm/http-errors/1.4.0/package.tgz
427 verbose lock tar:///home/naveen/.npm/http-errors/1.4.0/package.tgz /home/naveen/.npm/8cefb473-pm-http-errors-1-4-0-package-tgz.lock
428 silly gunzTarPerm modes [ '755', '644' ]
429 silly gunzTarPerm extractEntry package.json
430 silly gunzTarPerm extractEntry README.md
431 silly gunzTarPerm extractEntry LICENSE
432 silly gunzTarPerm extractEntry index.js
433 silly gunzTarPerm extractEntry HISTORY.md
434 silly lockFile a83cd47b-en-npm-http-errors-1-4-0-package tar:///home/naveen/.npm/http-errors/1.4.0/package
435 silly lockFile a83cd47b-en-npm-http-errors-1-4-0-package tar:///home/naveen/.npm/http-errors/1.4.0/package
436 silly lockFile 8cefb473-pm-http-errors-1-4-0-package-tgz tar:///home/naveen/.npm/http-errors/1.4.0/package.tgz
437 silly lockFile 8cefb473-pm-http-errors-1-4-0-package-tgz tar:///home/naveen/.npm/http-errors/1.4.0/package.tgz
438 verbose chmod /home/naveen/.npm/http-errors/1.4.0/package.tgz 644
439 verbose chown /home/naveen/.npm/http-errors/1.4.0/package.tgz [ 1000, 1000 ]
440 silly lockFile a24c7327-ttp-errors-http-errors-1-4-0-tgz https://registry.npmjs.org/http-errors/-/http-errors-1.4.0.tgz
441 silly lockFile a24c7327-ttp-errors-http-errors-1-4-0-tgz https://registry.npmjs.org/http-errors/-/http-errors-1.4.0.tgz
442 silly lockFile b7a1ac1d-http-errors-1-4-0 http-errors@1.4.0
443 silly lockFile b7a1ac1d-http-errors-1-4-0 http-errors@1.4.0
444 silly lockFile fac31a50-http-errors-1-4-0 http-errors@~1.4.0
445 silly lockFile fac31a50-http-errors-1-4-0 http-errors@~1.4.0
446 info trying registry request attempt 2 at 22:46:13
447 http GET https://registry.npmjs.org/bytes/2.2.0
448 info trying registry request attempt 3 at 22:46:16
449 http GET https://registry.npmjs.org/iconv-lite/0.4.13
450 http 200 https://registry.npmjs.org/bytes/2.2.0
451 silly registry.get cb [ 200,
451 silly registry.get   { server: 'CouchDB/1.5.0 (Erlang OTP/R16B03)',
451 silly registry.get     etag: '"42HWZCM6H8482PAA1T6LOCZPB"',
451 silly registry.get     'content-type': 'application/json',
451 silly registry.get     'cache-control': 'max-age=300',
451 silly registry.get     'content-length': '1306',
451 silly registry.get     'accept-ranges': 'bytes',
451 silly registry.get     date: 'Sun, 14 Feb 2016 17:16:23 GMT',
451 silly registry.get     via: '1.1 varnish',
451 silly registry.get     age: '215',
451 silly registry.get     connection: 'keep-alive',
451 silly registry.get     'x-served-by': 'cache-sin6925-SIN',
451 silly registry.get     'x-cache': 'HIT',
451 silly registry.get     'x-cache-hits': '4',
451 silly registry.get     'x-timer': 'S1455470183.458869,VS0,VE0',
451 silly registry.get     vary: 'Accept' } ]
452 silly lockFile 22f6ce54--npmjs-org-bytes-bytes-2-2-0-tgz https://registry.npmjs.org/bytes/-/bytes-2.2.0.tgz
453 verbose lock https://registry.npmjs.org/bytes/-/bytes-2.2.0.tgz /home/naveen/.npm/22f6ce54--npmjs-org-bytes-bytes-2-2-0-tgz.lock
454 verbose addRemoteTarball [ 'https://registry.npmjs.org/bytes/-/bytes-2.2.0.tgz',
454 verbose addRemoteTarball   'fd35464a403f6f9117c2de3609ecff9cae000588' ]
455 info retry fetch attempt 1 at 22:46:20
456 verbose fetch to= /home/naveen/tmp/npm-8157-GJgd8Mfp/1455470180990-0.9365518458653241/tmp.tgz
457 http GET https://registry.npmjs.org/bytes/-/bytes-2.2.0.tgz
458 http 200 https://registry.npmjs.org/bytes/-/bytes-2.2.0.tgz
459 verbose tar unpack /home/naveen/tmp/npm-8157-GJgd8Mfp/1455470180990-0.9365518458653241/tmp.tgz
460 silly lockFile 47902f45-80990-0-9365518458653241-package tar:///home/naveen/tmp/npm-8157-GJgd8Mfp/1455470180990-0.9365518458653241/package
461 verbose lock tar:///home/naveen/tmp/npm-8157-GJgd8Mfp/1455470180990-0.9365518458653241/package /home/naveen/.npm/47902f45-80990-0-9365518458653241-package.lock
462 silly lockFile 398ad14e-80990-0-9365518458653241-tmp-tgz tar:///home/naveen/tmp/npm-8157-GJgd8Mfp/1455470180990-0.9365518458653241/tmp.tgz
463 verbose lock tar:///home/naveen/tmp/npm-8157-GJgd8Mfp/1455470180990-0.9365518458653241/tmp.tgz /home/naveen/.npm/398ad14e-80990-0-9365518458653241-tmp-tgz.lock
464 silly gunzTarPerm modes [ '755', '644' ]
465 silly gunzTarPerm extractEntry package.json
466 silly gunzTarPerm modified mode [ 'package.json', 438, 420 ]
467 silly gunzTarPerm extractEntry LICENSE
468 silly gunzTarPerm modified mode [ 'LICENSE', 438, 420 ]
469 silly gunzTarPerm extractEntry index.js
470 silly gunzTarPerm modified mode [ 'index.js', 438, 420 ]
471 silly gunzTarPerm extractEntry Readme.md
472 silly gunzTarPerm modified mode [ 'Readme.md', 438, 420 ]
473 silly gunzTarPerm extractEntry History.md
474 silly gunzTarPerm modified mode [ 'History.md', 438, 420 ]
475 silly lockFile 47902f45-80990-0-9365518458653241-package tar:///home/naveen/tmp/npm-8157-GJgd8Mfp/1455470180990-0.9365518458653241/package
476 silly lockFile 47902f45-80990-0-9365518458653241-package tar:///home/naveen/tmp/npm-8157-GJgd8Mfp/1455470180990-0.9365518458653241/package
477 silly lockFile 398ad14e-80990-0-9365518458653241-tmp-tgz tar:///home/naveen/tmp/npm-8157-GJgd8Mfp/1455470180990-0.9365518458653241/tmp.tgz
478 silly lockFile 398ad14e-80990-0-9365518458653241-tmp-tgz tar:///home/naveen/tmp/npm-8157-GJgd8Mfp/1455470180990-0.9365518458653241/tmp.tgz
479 verbose tar pack [ '/home/naveen/.npm/bytes/2.2.0/package.tgz',
479 verbose tar pack   '/home/naveen/tmp/npm-8157-GJgd8Mfp/1455470180990-0.9365518458653241/package' ]
480 verbose tarball /home/naveen/.npm/bytes/2.2.0/package.tgz
481 verbose folder /home/naveen/tmp/npm-8157-GJgd8Mfp/1455470180990-0.9365518458653241/package
482 silly lockFile 47902f45-80990-0-9365518458653241-package tar:///home/naveen/tmp/npm-8157-GJgd8Mfp/1455470180990-0.9365518458653241/package
483 verbose lock tar:///home/naveen/tmp/npm-8157-GJgd8Mfp/1455470180990-0.9365518458653241/package /home/naveen/.npm/47902f45-80990-0-9365518458653241-package.lock
484 silly lockFile 287602b2-veen-npm-bytes-2-2-0-package-tgz tar:///home/naveen/.npm/bytes/2.2.0/package.tgz
485 verbose lock tar:///home/naveen/.npm/bytes/2.2.0/package.tgz /home/naveen/.npm/287602b2-veen-npm-bytes-2-2-0-package-tgz.lock
486 silly lockFile 47902f45-80990-0-9365518458653241-package tar:///home/naveen/tmp/npm-8157-GJgd8Mfp/1455470180990-0.9365518458653241/package
487 silly lockFile 47902f45-80990-0-9365518458653241-package tar:///home/naveen/tmp/npm-8157-GJgd8Mfp/1455470180990-0.9365518458653241/package
488 silly lockFile 287602b2-veen-npm-bytes-2-2-0-package-tgz tar:///home/naveen/.npm/bytes/2.2.0/package.tgz
489 silly lockFile 287602b2-veen-npm-bytes-2-2-0-package-tgz tar:///home/naveen/.npm/bytes/2.2.0/package.tgz
490 silly lockFile 2cdcb7f7-e-naveen-npm-bytes-2-2-0-package /home/naveen/.npm/bytes/2.2.0/package
491 verbose lock /home/naveen/.npm/bytes/2.2.0/package /home/naveen/.npm/2cdcb7f7-e-naveen-npm-bytes-2-2-0-package.lock
492 silly lockFile 2cdcb7f7-e-naveen-npm-bytes-2-2-0-package /home/naveen/.npm/bytes/2.2.0/package
493 silly lockFile 2cdcb7f7-e-naveen-npm-bytes-2-2-0-package /home/naveen/.npm/bytes/2.2.0/package
494 verbose tar unpack /home/naveen/.npm/bytes/2.2.0/package.tgz
495 silly lockFile f0bacf61-e-naveen-npm-bytes-2-2-0-package tar:///home/naveen/.npm/bytes/2.2.0/package
496 verbose lock tar:///home/naveen/.npm/bytes/2.2.0/package /home/naveen/.npm/f0bacf61-e-naveen-npm-bytes-2-2-0-package.lock
497 silly lockFile 287602b2-veen-npm-bytes-2-2-0-package-tgz tar:///home/naveen/.npm/bytes/2.2.0/package.tgz
498 verbose lock tar:///home/naveen/.npm/bytes/2.2.0/package.tgz /home/naveen/.npm/287602b2-veen-npm-bytes-2-2-0-package-tgz.lock
499 silly gunzTarPerm modes [ '755', '644' ]
500 silly gunzTarPerm extractEntry package.json
501 silly gunzTarPerm extractEntry LICENSE
502 silly gunzTarPerm extractEntry index.js
503 silly gunzTarPerm extractEntry History.md
504 silly gunzTarPerm extractEntry Readme.md
505 silly lockFile f0bacf61-e-naveen-npm-bytes-2-2-0-package tar:///home/naveen/.npm/bytes/2.2.0/package
506 silly lockFile f0bacf61-e-naveen-npm-bytes-2-2-0-package tar:///home/naveen/.npm/bytes/2.2.0/package
507 silly lockFile 287602b2-veen-npm-bytes-2-2-0-package-tgz tar:///home/naveen/.npm/bytes/2.2.0/package.tgz
508 silly lockFile 287602b2-veen-npm-bytes-2-2-0-package-tgz tar:///home/naveen/.npm/bytes/2.2.0/package.tgz
509 verbose chmod /home/naveen/.npm/bytes/2.2.0/package.tgz 644
510 verbose chown /home/naveen/.npm/bytes/2.2.0/package.tgz [ 1000, 1000 ]
511 silly lockFile 22f6ce54--npmjs-org-bytes-bytes-2-2-0-tgz https://registry.npmjs.org/bytes/-/bytes-2.2.0.tgz
512 silly lockFile 22f6ce54--npmjs-org-bytes-bytes-2-2-0-tgz https://registry.npmjs.org/bytes/-/bytes-2.2.0.tgz
513 silly lockFile f4bb5b5a-bytes-2-2-0 bytes@2.2.0
514 silly lockFile f4bb5b5a-bytes-2-2-0 bytes@2.2.0
515 info trying registry request attempt 3 at 22:46:26
516 verbose etag "A61HQDKGOUEM3F9DCWTGYV4NW"
517 http GET https://registry.npmjs.org/content-type
518 http 200 https://registry.npmjs.org/content-type
519 silly registry.get cb [ 200,
519 silly registry.get   { server: 'CouchDB/1.5.0 (Erlang OTP/R16B03)',
519 silly registry.get     etag: '"47J6RKVXRY0MARWDI3N08QX6R"',
519 silly registry.get     'content-type': 'application/json',
519 silly registry.get     'cache-control': 'max-age=300',
519 silly registry.get     'content-length': '7394',
519 silly registry.get     'accept-ranges': 'bytes',
519 silly registry.get     date: 'Sun, 14 Feb 2016 17:16:31 GMT',
519 silly registry.get     via: '1.1 varnish',
519 silly registry.get     age: '282',
519 silly registry.get     connection: 'keep-alive',
519 silly registry.get     'x-served-by': 'cache-sin6927-SIN',
519 silly registry.get     'x-cache': 'HIT',
519 silly registry.get     'x-cache-hits': '6',
519 silly registry.get     'x-timer': 'S1455470191.400760,VS0,VE0',
519 silly registry.get     vary: 'Accept' } ]
520 silly addNameRange number 2 { name: 'content-type',
520 silly addNameRange   range: '>=1.0.1-0 <1.1.0-0',
520 silly addNameRange   hasData: true }
521 silly addNameRange versions [ 'content-type', [ '0.0.1', '1.0.0', '1.0.1' ] ]
522 verbose addNamed [ 'content-type', '1.0.1' ]
523 verbose addNamed [ '1.0.1', '1.0.1' ]
524 silly lockFile c521c57e-content-type-1-0-1 content-type@1.0.1
525 verbose lock content-type@1.0.1 /home/naveen/.npm/c521c57e-content-type-1-0-1.lock
526 silly lockFile c521c57e-content-type-1-0-1 content-type@1.0.1
527 silly lockFile c521c57e-content-type-1-0-1 content-type@1.0.1
528 silly lockFile cc42bda4-content-type-1-0-1 content-type@~1.0.1
529 silly lockFile cc42bda4-content-type-1-0-1 content-type@~1.0.1
530 silly lockFile 7105c99b-iconv-lite-0-4-13 iconv-lite@0.4.13
531 silly lockFile 7105c99b-iconv-lite-0-4-13 iconv-lite@0.4.13
532 info trying registry request attempt 3 at 22:46:31
533 verbose etag "BP0HDN9YFW3ONQVPMB1NRETTG"
534 http GET https://registry.npmjs.org/on-finished
535 verbose about to build /home/naveen/heroku/node-js-getting-started/node_modules/body-parser
536 info /home/naveen/heroku/node-js-getting-started/node_modules/body-parser unbuild
537 info preuninstall body-parser@1.15.0
538 info uninstall body-parser@1.15.0
539 verbose true,/home/naveen/heroku/node-js-getting-started/node_modules,/home/naveen/heroku/node-js-getting-started/node_modules unbuild body-parser@1.15.0
540 info postuninstall body-parser@1.15.0
541 error network read ECONNRESET
541 error network This is most likely not a problem with npm itself
541 error network and is related to network connectivity.
541 error network In most cases you are behind a proxy or have bad network settings.
541 error network
541 error network If you are behind a proxy, please make sure that the
541 error network 'proxy' config is set properly.  See: 'npm help config'
542 error System Linux 3.13.0-74-generic
543 error command "/usr/bin/nodejs" "/usr/bin/npm" "install" "body-parser" "--save"
544 error cwd /home/naveen/heroku/node-js-getting-started
545 error node -v v0.10.25
546 error npm -v 1.3.10
547 error syscall read
548 error code ECONNRESET
549 error errno ECONNRESET
550 verbose exit [ 1, true ]
